ERROR - 2023-12-11 16:38:32 --> mysqli_sql_exception: Column 'numero_contrato' cannot be null in C:\Users\ip3\Documents\SAPIENCIA\fidu\system\Database\MySQLi\Connection.php:306
Stack trace:
#0 C:\Users\ip3\Documents\SAPIENCIA\fidu\system\Database\MySQLi\Connection.php(306): mysqli->query('INSERT INTO `co...', 0)
#1 C:\Users\ip3\Documents\SAPIENCIA\fidu\system\Database\BaseConnection.php(693): CodeIgniter\Database\MySQLi\Connection->execute('INSERT INTO `co...')
#2 C:\Users\ip3\Documents\SAPIENCIA\fidu\system\Database\BaseConnection.php(607): CodeIgniter\Database\BaseConnection->simpleQuery('INSERT INTO `co...')
#3 C:\Users\ip3\Documents\SAPIENCIA\fidu\system\Database\BaseBuilder.php(2308): CodeIgniter\Database\BaseConnection->query('INSERT INTO `co...', Array, false)
#4 C:\Users\ip3\Documents\SAPIENCIA\fidu\system\Model.php(319): CodeIgniter\Database\BaseBuilder->insert()
#5 C:\Users\ip3\Documents\SAPIENCIA\fidu\system\BaseModel.php(788): CodeIgniter\Model->doInsert(Array)
#6 C:\Users\ip3\Documents\SAPIENCIA\fidu\system\Model.php(715): CodeIgniter\BaseModel->insert(Array, true)
#7 C:\Users\ip3\Documents\SAPIENCIA\fidu\app\Controllers\Maestros.php(71): CodeIgniter\Model->insert(Array)
#8 C:\Users\ip3\Documents\SAPIENCIA\fidu\system\CodeIgniter.php(942): App\Controllers\Maestros->guardarContrato()
#9 C:\Users\ip3\Documents\SAPIENCIA\fidu\system\CodeIgniter.php(502): CodeIgniter\CodeIgniter->runController(Object(App\Controllers\Maestros))
#10 C:\Users\ip3\Documents\SAPIENCIA\fidu\system\CodeIgniter.php(361): CodeIgniter\CodeIgniter->handleRequest(NULL, Object(Config\Cache), false)
#11 C:\Users\ip3\Documents\SAPIENCIA\fidu\public\index.php(88): CodeIgniter\CodeIgniter->run()
#12 C:\Users\ip3\Documents\SAPIENCIA\fidu\system\Commands\Server\rewrite.php(47): require_once('C:\\Users\\ip3\\Do...')
#13 {main}
CRITICAL - 2023-12-11 16:38:32 --> Column 'numero_contrato' cannot be null
in SYSTEMPATH\Database\BaseConnection.php on line 647.
 1 SYSTEMPATH\Database\BaseBuilder.php(2308): CodeIgniter\Database\BaseConnection->query('INSERT INTO `contratos` (`numero_contrato`, `lineas_fondo`, `operador_financiero`, `fecha_inicial`, `fecha_final`, `recurso_inicial`, `comision`, `porcentaje_comision`, `porcentaje_adicion`) VALUES (:numero_contrato:, :lineas_fondo:, :operador_financiero:, :fecha_inicial:, :fecha_final:, :recurso_inicial:, :comision:, :porcentaje_comision:, :porcentaje_adicion:)', [...], false)
 2 SYSTEMPATH\Model.php(319): CodeIgniter\Database\BaseBuilder->insert()
 3 SYSTEMPATH\BaseModel.php(788): CodeIgniter\Model->doInsert([...])
 4 SYSTEMPATH\Model.php(715): CodeIgniter\BaseModel->insert([...], true)
 5 APPPATH\Controllers\Maestros.php(71): CodeIgniter\Model->insert([...])
 6 SYSTEMPATH\CodeIgniter.php(942): App\Controllers\Maestros->guardarContrato()
 7 SYSTEMPATH\CodeIgniter.php(502): CodeIgniter\CodeIgniter->runController(Object(App\Controllers\Maestros))
 8 SYSTEMPATH\CodeIgniter.php(361): CodeIgniter\CodeIgniter->handleRequest(null, Object(Config\Cache), false)
 9 FCPATH\index.php(88): CodeIgniter\CodeIgniter->run()
10 SYSTEMPATH\Commands\Server\rewrite.php(47): require_once('C:\\Users\\ip3\\Documents\\SAPIENCIA\\fidu\\public\\index.php')
ERROR - 2023-12-11 17:05:31 --> mysqli_sql_exception: Table 'sap_fiducias.cuentas' doesn't exist in C:\Users\ip3\Documents\SAPIENCIA\fidu\system\Database\MySQLi\Connection.php:306
Stack trace:
#0 C:\Users\ip3\Documents\SAPIENCIA\fidu\system\Database\MySQLi\Connection.php(306): mysqli->query('SELECT *\nFROM `...', 0)
#1 C:\Users\ip3\Documents\SAPIENCIA\fidu\system\Database\BaseConnection.php(693): CodeIgniter\Database\MySQLi\Connection->execute('SELECT *\nFROM `...')
#2 C:\Users\ip3\Documents\SAPIENCIA\fidu\system\Database\BaseConnection.php(607): CodeIgniter\Database\BaseConnection->simpleQuery('SELECT *\nFROM `...')
#3 C:\Users\ip3\Documents\SAPIENCIA\fidu\system\Database\BaseBuilder.php(1615): CodeIgniter\Database\BaseConnection->query('SELECT *\nFROM `...', Array, false)
#4 C:\Users\ip3\Documents\SAPIENCIA\fidu\system\Model.php(237): CodeIgniter\Database\BaseBuilder->get()
#5 C:\Users\ip3\Documents\SAPIENCIA\fidu\system\BaseModel.php(624): CodeIgniter\Model->doFindAll(0, 0)
#6 C:\Users\ip3\Documents\SAPIENCIA\fidu\app\Controllers\Maestros.php(88): CodeIgniter\BaseModel->findAll()
#7 C:\Users\ip3\Documents\SAPIENCIA\fidu\system\CodeIgniter.php(942): App\Controllers\Maestros->listacuentas()
#8 C:\Users\ip3\Documents\SAPIENCIA\fidu\system\CodeIgniter.php(502): CodeIgniter\CodeIgniter->runController(Object(App\Controllers\Maestros))
#9 C:\Users\ip3\Documents\SAPIENCIA\fidu\system\CodeIgniter.php(361): CodeIgniter\CodeIgniter->handleRequest(NULL, Object(Config\Cache), false)
#10 C:\Users\ip3\Documents\SAPIENCIA\fidu\public\index.php(88): CodeIgniter\CodeIgniter->run()
#11 C:\Users\ip3\Documents\SAPIENCIA\fidu\system\Commands\Server\rewrite.php(47): require_once('C:\\Users\\ip3\\Do...')
#12 {main}
CRITICAL - 2023-12-11 17:05:31 --> Table 'sap_fiducias.cuentas' doesn't exist
in SYSTEMPATH\Database\BaseConnection.php on line 647.
 1 SYSTEMPATH\Database\BaseBuilder.php(1615): CodeIgniter\Database\BaseConnection->query('SELECT *
FROM `cuentas`', [], false)
 2 SYSTEMPATH\Model.php(237): CodeIgniter\Database\BaseBuilder->get()
 3 SYSTEMPATH\BaseModel.php(624): CodeIgniter\Model->doFindAll(0, 0)
 4 APPPATH\Controllers\Maestros.php(88): CodeIgniter\BaseModel->findAll()
 5 SYSTEMPATH\CodeIgniter.php(942): App\Controllers\Maestros->listacuentas()
 6 SYSTEMPATH\CodeIgniter.php(502): CodeIgniter\CodeIgniter->runController(Object(App\Controllers\Maestros))
 7 SYSTEMPATH\CodeIgniter.php(361): CodeIgniter\CodeIgniter->handleRequest(null, Object(Config\Cache), false)
 8 FCPATH\index.php(88): CodeIgniter\CodeIgniter->run()
 9 SYSTEMPATH\Commands\Server\rewrite.php(47): require_once('C:\\Users\\ip3\\Documents\\SAPIENCIA\\fidu\\public\\index.php')
ERROR - 2023-12-11 17:05:49 --> mysqli_sql_exception: Table 'sap_fiducias.cuentas' doesn't exist in C:\Users\ip3\Documents\SAPIENCIA\fidu\system\Database\MySQLi\Connection.php:306
Stack trace:
#0 C:\Users\ip3\Documents\SAPIENCIA\fidu\system\Database\MySQLi\Connection.php(306): mysqli->query('SELECT *\nFROM `...', 0)
#1 C:\Users\ip3\Documents\SAPIENCIA\fidu\system\Database\BaseConnection.php(693): CodeIgniter\Database\MySQLi\Connection->execute('SELECT *\nFROM `...')
#2 C:\Users\ip3\Documents\SAPIENCIA\fidu\system\Database\BaseConnection.php(607): CodeIgniter\Database\BaseConnection->simpleQuery('SELECT *\nFROM `...')
#3 C:\Users\ip3\Documents\SAPIENCIA\fidu\system\Database\BaseBuilder.php(1615): CodeIgniter\Database\BaseConnection->query('SELECT *\nFROM `...', Array, false)
#4 C:\Users\ip3\Documents\SAPIENCIA\fidu\system\Model.php(237): CodeIgniter\Database\BaseBuilder->get()
#5 C:\Users\ip3\Documents\SAPIENCIA\fidu\system\BaseModel.php(624): CodeIgniter\Model->doFindAll(0, 0)
#6 C:\Users\ip3\Documents\SAPIENCIA\fidu\app\Controllers\Maestros.php(88): CodeIgniter\BaseModel->findAll()
#7 C:\Users\ip3\Documents\SAPIENCIA\fidu\system\CodeIgniter.php(942): App\Controllers\Maestros->listacuentas()
#8 C:\Users\ip3\Documents\SAPIENCIA\fidu\system\CodeIgniter.php(502): CodeIgniter\CodeIgniter->runController(Object(App\Controllers\Maestros))
#9 C:\Users\ip3\Documents\SAPIENCIA\fidu\system\CodeIgniter.php(361): CodeIgniter\CodeIgniter->handleRequest(NULL, Object(Config\Cache), false)
#10 C:\Users\ip3\Documents\SAPIENCIA\fidu\public\index.php(88): CodeIgniter\CodeIgniter->run()
#11 C:\Users\ip3\Documents\SAPIENCIA\fidu\system\Commands\Server\rewrite.php(47): require_once('C:\\Users\\ip3\\Do...')
#12 {main}
CRITICAL - 2023-12-11 17:05:49 --> Table 'sap_fiducias.cuentas' doesn't exist
in SYSTEMPATH\Database\BaseConnection.php on line 647.
 1 SYSTEMPATH\Database\BaseBuilder.php(1615): CodeIgniter\Database\BaseConnection->query('SELECT *
FROM `cuentas`', [], false)
 2 SYSTEMPATH\Model.php(237): CodeIgniter\Database\BaseBuilder->get()
 3 SYSTEMPATH\BaseModel.php(624): CodeIgniter\Model->doFindAll(0, 0)
 4 APPPATH\Controllers\Maestros.php(88): CodeIgniter\BaseModel->findAll()
 5 SYSTEMPATH\CodeIgniter.php(942): App\Controllers\Maestros->listacuentas()
 6 SYSTEMPATH\CodeIgniter.php(502): CodeIgniter\CodeIgniter->runController(Object(App\Controllers\Maestros))
 7 SYSTEMPATH\CodeIgniter.php(361): CodeIgniter\CodeIgniter->handleRequest(null, Object(Config\Cache), false)
 8 FCPATH\index.php(88): CodeIgniter\CodeIgniter->run()
 9 SYSTEMPATH\Commands\Server\rewrite.php(47): require_once('C:\\Users\\ip3\\Documents\\SAPIENCIA\\fidu\\public\\index.php')
ERROR - 2023-12-11 17:09:46 --> mysqli_sql_exception: Table 'sap_fiducias.cuentas' doesn't exist in C:\Users\ip3\Documents\SAPIENCIA\fidu\system\Database\MySQLi\Connection.php:306
Stack trace:
#0 C:\Users\ip3\Documents\SAPIENCIA\fidu\system\Database\MySQLi\Connection.php(306): mysqli->query('SELECT *\nFROM `...', 0)
#1 C:\Users\ip3\Documents\SAPIENCIA\fidu\system\Database\BaseConnection.php(693): CodeIgniter\Database\MySQLi\Connection->execute('SELECT *\nFROM `...')
#2 C:\Users\ip3\Documents\SAPIENCIA\fidu\system\Database\BaseConnection.php(607): CodeIgniter\Database\BaseConnection->simpleQuery('SELECT *\nFROM `...')
#3 C:\Users\ip3\Documents\SAPIENCIA\fidu\system\Database\BaseBuilder.php(1615): CodeIgniter\Database\BaseConnection->query('SELECT *\nFROM `...', Array, false)
#4 C:\Users\ip3\Documents\SAPIENCIA\fidu\system\Model.php(237): CodeIgniter\Database\BaseBuilder->get()
#5 C:\Users\ip3\Documents\SAPIENCIA\fidu\system\BaseModel.php(624): CodeIgniter\Model->doFindAll(0, 0)
#6 C:\Users\ip3\Documents\SAPIENCIA\fidu\app\Controllers\Maestros.php(88): CodeIgniter\BaseModel->findAll()
#7 C:\Users\ip3\Documents\SAPIENCIA\fidu\system\CodeIgniter.php(942): App\Controllers\Maestros->listacuentas()
#8 C:\Users\ip3\Documents\SAPIENCIA\fidu\system\CodeIgniter.php(502): CodeIgniter\CodeIgniter->runController(Object(App\Controllers\Maestros))
#9 C:\Users\ip3\Documents\SAPIENCIA\fidu\system\CodeIgniter.php(361): CodeIgniter\CodeIgniter->handleRequest(NULL, Object(Config\Cache), false)
#10 C:\Users\ip3\Documents\SAPIENCIA\fidu\public\index.php(88): CodeIgniter\CodeIgniter->run()
#11 C:\Users\ip3\Documents\SAPIENCIA\fidu\system\Commands\Server\rewrite.php(47): require_once('C:\\Users\\ip3\\Do...')
#12 {main}
CRITICAL - 2023-12-11 17:09:46 --> Table 'sap_fiducias.cuentas' doesn't exist
in SYSTEMPATH\Database\BaseConnection.php on line 647.
 1 SYSTEMPATH\Database\BaseBuilder.php(1615): CodeIgniter\Database\BaseConnection->query('SELECT *
FROM `cuentas`', [], false)
 2 SYSTEMPATH\Model.php(237): CodeIgniter\Database\BaseBuilder->get()
 3 SYSTEMPATH\BaseModel.php(624): CodeIgniter\Model->doFindAll(0, 0)
 4 APPPATH\Controllers\Maestros.php(88): CodeIgniter\BaseModel->findAll()
 5 SYSTEMPATH\CodeIgniter.php(942): App\Controllers\Maestros->listacuentas()
 6 SYSTEMPATH\CodeIgniter.php(502): CodeIgniter\CodeIgniter->runController(Object(App\Controllers\Maestros))
 7 SYSTEMPATH\CodeIgniter.php(361): CodeIgniter\CodeIgniter->handleRequest(null, Object(Config\Cache), false)
 8 FCPATH\index.php(88): CodeIgniter\CodeIgniter->run()
 9 SYSTEMPATH\Commands\Server\rewrite.php(47): require_once('C:\\Users\\ip3\\Documents\\SAPIENCIA\\fidu\\public\\index.php')
ERROR - 2023-12-11 17:09:59 --> mysqli_sql_exception: Table 'sap_fiducias.cuentas' doesn't exist in C:\Users\ip3\Documents\SAPIENCIA\fidu\system\Database\MySQLi\Connection.php:306
Stack trace:
#0 C:\Users\ip3\Documents\SAPIENCIA\fidu\system\Database\MySQLi\Connection.php(306): mysqli->query('SELECT *\nFROM `...', 0)
#1 C:\Users\ip3\Documents\SAPIENCIA\fidu\system\Database\BaseConnection.php(693): CodeIgniter\Database\MySQLi\Connection->execute('SELECT *\nFROM `...')
#2 C:\Users\ip3\Documents\SAPIENCIA\fidu\system\Database\BaseConnection.php(607): CodeIgniter\Database\BaseConnection->simpleQuery('SELECT *\nFROM `...')
#3 C:\Users\ip3\Documents\SAPIENCIA\fidu\system\Database\BaseBuilder.php(1615): CodeIgniter\Database\BaseConnection->query('SELECT *\nFROM `...', Array, false)
#4 C:\Users\ip3\Documents\SAPIENCIA\fidu\system\Model.php(237): CodeIgniter\Database\BaseBuilder->get()
#5 C:\Users\ip3\Documents\SAPIENCIA\fidu\system\BaseModel.php(624): CodeIgniter\Model->doFindAll(0, 0)
#6 C:\Users\ip3\Documents\SAPIENCIA\fidu\app\Controllers\Maestros.php(88): CodeIgniter\BaseModel->findAll()
#7 C:\Users\ip3\Documents\SAPIENCIA\fidu\system\CodeIgniter.php(942): App\Controllers\Maestros->listacuentas()
#8 C:\Users\ip3\Documents\SAPIENCIA\fidu\system\CodeIgniter.php(502): CodeIgniter\CodeIgniter->runController(Object(App\Controllers\Maestros))
#9 C:\Users\ip3\Documents\SAPIENCIA\fidu\system\CodeIgniter.php(361): CodeIgniter\CodeIgniter->handleRequest(NULL, Object(Config\Cache), false)
#10 C:\Users\ip3\Documents\SAPIENCIA\fidu\public\index.php(88): CodeIgniter\CodeIgniter->run()
#11 C:\Users\ip3\Documents\SAPIENCIA\fidu\system\Commands\Server\rewrite.php(47): require_once('C:\\Users\\ip3\\Do...')
#12 {main}
CRITICAL - 2023-12-11 17:09:59 --> Table 'sap_fiducias.cuentas' doesn't exist
in SYSTEMPATH\Database\BaseConnection.php on line 647.
 1 SYSTEMPATH\Database\BaseBuilder.php(1615): CodeIgniter\Database\BaseConnection->query('SELECT *
FROM `cuentas`', [], false)
 2 SYSTEMPATH\Model.php(237): CodeIgniter\Database\BaseBuilder->get()
 3 SYSTEMPATH\BaseModel.php(624): CodeIgniter\Model->doFindAll(0, 0)
 4 APPPATH\Controllers\Maestros.php(88): CodeIgniter\BaseModel->findAll()
 5 SYSTEMPATH\CodeIgniter.php(942): App\Controllers\Maestros->listacuentas()
 6 SYSTEMPATH\CodeIgniter.php(502): CodeIgniter\CodeIgniter->runController(Object(App\Controllers\Maestros))
 7 SYSTEMPATH\CodeIgniter.php(361): CodeIgniter\CodeIgniter->handleRequest(null, Object(Config\Cache), false)
 8 FCPATH\index.php(88): CodeIgniter\CodeIgniter->run()
 9 SYSTEMPATH\Commands\Server\rewrite.php(47): require_once('C:\\Users\\ip3\\Documents\\SAPIENCIA\\fidu\\public\\index.php')
ERROR - 2023-12-11 17:11:42 --> mysqli_sql_exception: Table 'sap_fiducias.cuentas' doesn't exist in C:\Users\ip3\Documents\SAPIENCIA\fidu\system\Database\MySQLi\Connection.php:306
Stack trace:
#0 C:\Users\ip3\Documents\SAPIENCIA\fidu\system\Database\MySQLi\Connection.php(306): mysqli->query('SELECT *\nFROM `...', 0)
#1 C:\Users\ip3\Documents\SAPIENCIA\fidu\system\Database\BaseConnection.php(693): CodeIgniter\Database\MySQLi\Connection->execute('SELECT *\nFROM `...')
#2 C:\Users\ip3\Documents\SAPIENCIA\fidu\system\Database\BaseConnection.php(607): CodeIgniter\Database\BaseConnection->simpleQuery('SELECT *\nFROM `...')
#3 C:\Users\ip3\Documents\SAPIENCIA\fidu\system\Database\BaseBuilder.php(1615): CodeIgniter\Database\BaseConnection->query('SELECT *\nFROM `...', Array, false)
#4 C:\Users\ip3\Documents\SAPIENCIA\fidu\system\Model.php(237): CodeIgniter\Database\BaseBuilder->get()
#5 C:\Users\ip3\Documents\SAPIENCIA\fidu\system\BaseModel.php(624): CodeIgniter\Model->doFindAll(0, 0)
#6 C:\Users\ip3\Documents\SAPIENCIA\fidu\app\Models\CuentasModel.php(26): CodeIgniter\BaseModel->findAll()
#7 C:\Users\ip3\Documents\SAPIENCIA\fidu\app\Controllers\Maestros.php(88): App\Models\CuentasModel->obtenerContratos()
#8 C:\Users\ip3\Documents\SAPIENCIA\fidu\system\CodeIgniter.php(942): App\Controllers\Maestros->listacuentas()
#9 C:\Users\ip3\Documents\SAPIENCIA\fidu\system\CodeIgniter.php(502): CodeIgniter\CodeIgniter->runController(Object(App\Controllers\Maestros))
#10 C:\Users\ip3\Documents\SAPIENCIA\fidu\system\CodeIgniter.php(361): CodeIgniter\CodeIgniter->handleRequest(NULL, Object(Config\Cache), false)
#11 C:\Users\ip3\Documents\SAPIENCIA\fidu\public\index.php(88): CodeIgniter\CodeIgniter->run()
#12 C:\Users\ip3\Documents\SAPIENCIA\fidu\system\Commands\Server\rewrite.php(47): require_once('C:\\Users\\ip3\\Do...')
#13 {main}
CRITICAL - 2023-12-11 17:11:42 --> Table 'sap_fiducias.cuentas' doesn't exist
in SYSTEMPATH\Database\BaseConnection.php on line 647.
 1 SYSTEMPATH\Database\BaseBuilder.php(1615): CodeIgniter\Database\BaseConnection->query('SELECT *
FROM `cuentas`', [], false)
 2 SYSTEMPATH\Model.php(237): CodeIgniter\Database\BaseBuilder->get()
 3 SYSTEMPATH\BaseModel.php(624): CodeIgniter\Model->doFindAll(0, 0)
 4 APPPATH\Models\CuentasModel.php(26): CodeIgniter\BaseModel->findAll()
 5 APPPATH\Controllers\Maestros.php(88): App\Models\CuentasModel->obtenerContratos()
 6 SYSTEMPATH\CodeIgniter.php(942): App\Controllers\Maestros->listacuentas()
 7 SYSTEMPATH\CodeIgniter.php(502): CodeIgniter\CodeIgniter->runController(Object(App\Controllers\Maestros))
 8 SYSTEMPATH\CodeIgniter.php(361): CodeIgniter\CodeIgniter->handleRequest(null, Object(Config\Cache), false)
 9 FCPATH\index.php(88): CodeIgniter\CodeIgniter->run()
10 SYSTEMPATH\Commands\Server\rewrite.php(47): require_once('C:\\Users\\ip3\\Documents\\SAPIENCIA\\fidu\\public\\index.php')
ERROR - 2023-12-11 17:46:02 --> mysqli_sql_exception: Table 'sap_fiducias.mov_fiducia' doesn't exist in C:\Users\ip3\Documents\SAPIENCIA\fidu\system\Database\MySQLi\Connection.php:306
Stack trace:
#0 C:\Users\ip3\Documents\SAPIENCIA\fidu\system\Database\MySQLi\Connection.php(306): mysqli->query('SELECT *\nFROM `...', 0)
#1 C:\Users\ip3\Documents\SAPIENCIA\fidu\system\Database\BaseConnection.php(693): CodeIgniter\Database\MySQLi\Connection->execute('SELECT *\nFROM `...')
#2 C:\Users\ip3\Documents\SAPIENCIA\fidu\system\Database\BaseConnection.php(607): CodeIgniter\Database\BaseConnection->simpleQuery('SELECT *\nFROM `...')
#3 C:\Users\ip3\Documents\SAPIENCIA\fidu\system\Database\BaseBuilder.php(1615): CodeIgniter\Database\BaseConnection->query('SELECT *\nFROM `...', Array, false)
#4 C:\Users\ip3\Documents\SAPIENCIA\fidu\system\Model.php(237): CodeIgniter\Database\BaseBuilder->get()
#5 C:\Users\ip3\Documents\SAPIENCIA\fidu\system\BaseModel.php(624): CodeIgniter\Model->doFindAll(0, 0)
#6 C:\Users\ip3\Documents\SAPIENCIA\fidu\app\Controllers\Movimientos.php(13): CodeIgniter\BaseModel->findAll()
#7 C:\Users\ip3\Documents\SAPIENCIA\fidu\system\CodeIgniter.php(942): App\Controllers\Movimientos->listamovfiducia()
#8 C:\Users\ip3\Documents\SAPIENCIA\fidu\system\CodeIgniter.php(502): CodeIgniter\CodeIgniter->runController(Object(App\Controllers\Movimientos))
#9 C:\Users\ip3\Documents\SAPIENCIA\fidu\system\CodeIgniter.php(361): CodeIgniter\CodeIgniter->handleRequest(NULL, Object(Config\Cache), false)
#10 C:\Users\ip3\Documents\SAPIENCIA\fidu\public\index.php(88): CodeIgniter\CodeIgniter->run()
#11 C:\Users\ip3\Documents\SAPIENCIA\fidu\system\Commands\Server\rewrite.php(47): require_once('C:\\Users\\ip3\\Do...')
#12 {main}
CRITICAL - 2023-12-11 17:46:02 --> Table 'sap_fiducias.mov_fiducia' doesn't exist
in SYSTEMPATH\Database\BaseConnection.php on line 647.
 1 SYSTEMPATH\Database\BaseBuilder.php(1615): CodeIgniter\Database\BaseConnection->query('SELECT *
FROM `mov_fiducia`', [], false)
 2 SYSTEMPATH\Model.php(237): CodeIgniter\Database\BaseBuilder->get()
 3 SYSTEMPATH\BaseModel.php(624): CodeIgniter\Model->doFindAll(0, 0)
 4 APPPATH\Controllers\Movimientos.php(13): CodeIgniter\BaseModel->findAll()
 5 SYSTEMPATH\CodeIgniter.php(942): App\Controllers\Movimientos->listamovfiducia()
 6 SYSTEMPATH\CodeIgniter.php(502): CodeIgniter\CodeIgniter->runController(Object(App\Controllers\Movimientos))
 7 SYSTEMPATH\CodeIgniter.php(361): CodeIgniter\CodeIgniter->handleRequest(null, Object(Config\Cache), false)
 8 FCPATH\index.php(88): CodeIgniter\CodeIgniter->run()
 9 SYSTEMPATH\Commands\Server\rewrite.php(47): require_once('C:\\Users\\ip3\\Documents\\SAPIENCIA\\fidu\\public\\index.php')
CRITICAL - 2023-12-11 17:46:05 --> Invalid file: "maestros/movfiducia.php"
in SYSTEMPATH\Exceptions\FrameworkException.php on line 39.
 1 SYSTEMPATH\View\View.php(216): CodeIgniter\Exceptions\FrameworkException::forInvalidFile('maestros/movfiducia.php')
 2 SYSTEMPATH\Common.php(1190): CodeIgniter\View\View->render('maestros/movfiducia', [], true)
 3 APPPATH\Controllers\Movimientos.php(26): view('maestros/movfiducia', [])
 4 SYSTEMPATH\CodeIgniter.php(942): App\Controllers\Movimientos->movfiducia()
 5 SYSTEMPATH\CodeIgniter.php(502): CodeIgniter\CodeIgniter->runController(Object(App\Controllers\Movimientos))
 6 SYSTEMPATH\CodeIgniter.php(361): CodeIgniter\CodeIgniter->handleRequest(null, Object(Config\Cache), false)
 7 FCPATH\index.php(88): CodeIgniter\CodeIgniter->run()
 8 SYSTEMPATH\Commands\Server\rewrite.php(47): require_once('C:\\Users\\ip3\\Documents\\SAPIENCIA\\fidu\\public\\index.php')
ERROR - 2023-12-11 17:48:30 --> mysqli_sql_exception: Table 'sap_fiducias.mov_fiducia' doesn't exist in C:\Users\ip3\Documents\SAPIENCIA\fidu\system\Database\MySQLi\Connection.php:306
Stack trace:
#0 C:\Users\ip3\Documents\SAPIENCIA\fidu\system\Database\MySQLi\Connection.php(306): mysqli->query('SELECT *\nFROM `...', 0)
#1 C:\Users\ip3\Documents\SAPIENCIA\fidu\system\Database\BaseConnection.php(693): CodeIgniter\Database\MySQLi\Connection->execute('SELECT *\nFROM `...')
#2 C:\Users\ip3\Documents\SAPIENCIA\fidu\system\Database\BaseConnection.php(607): CodeIgniter\Database\BaseConnection->simpleQuery('SELECT *\nFROM `...')
#3 C:\Users\ip3\Documents\SAPIENCIA\fidu\system\Database\BaseBuilder.php(1615): CodeIgniter\Database\BaseConnection->query('SELECT *\nFROM `...', Array, false)
#4 C:\Users\ip3\Documents\SAPIENCIA\fidu\system\Model.php(237): CodeIgniter\Database\BaseBuilder->get()
#5 C:\Users\ip3\Documents\SAPIENCIA\fidu\system\BaseModel.php(624): CodeIgniter\Model->doFindAll(0, 0)
#6 C:\Users\ip3\Documents\SAPIENCIA\fidu\app\Controllers\Movimientos.php(13): CodeIgniter\BaseModel->findAll()
#7 C:\Users\ip3\Documents\SAPIENCIA\fidu\system\CodeIgniter.php(942): App\Controllers\Movimientos->listamovfiducia()
#8 C:\Users\ip3\Documents\SAPIENCIA\fidu\system\CodeIgniter.php(502): CodeIgniter\CodeIgniter->runController(Object(App\Controllers\Movimientos))
#9 C:\Users\ip3\Documents\SAPIENCIA\fidu\system\CodeIgniter.php(361): CodeIgniter\CodeIgniter->handleRequest(NULL, Object(Config\Cache), false)
#10 C:\Users\ip3\Documents\SAPIENCIA\fidu\public\index.php(88): CodeIgniter\CodeIgniter->run()
#11 C:\Users\ip3\Documents\SAPIENCIA\fidu\system\Commands\Server\rewrite.php(47): require_once('C:\\Users\\ip3\\Do...')
#12 {main}
CRITICAL - 2023-12-11 17:48:30 --> Table 'sap_fiducias.mov_fiducia' doesn't exist
in SYSTEMPATH\Database\BaseConnection.php on line 647.
 1 SYSTEMPATH\Database\BaseBuilder.php(1615): CodeIgniter\Database\BaseConnection->query('SELECT *
FROM `mov_fiducia`', [], false)
 2 SYSTEMPATH\Model.php(237): CodeIgniter\Database\BaseBuilder->get()
 3 SYSTEMPATH\BaseModel.php(624): CodeIgniter\Model->doFindAll(0, 0)
 4 APPPATH\Controllers\Movimientos.php(13): CodeIgniter\BaseModel->findAll()
 5 SYSTEMPATH\CodeIgniter.php(942): App\Controllers\Movimientos->listamovfiducia()
 6 SYSTEMPATH\CodeIgniter.php(502): CodeIgniter\CodeIgniter->runController(Object(App\Controllers\Movimientos))
 7 SYSTEMPATH\CodeIgniter.php(361): CodeIgniter\CodeIgniter->handleRequest(null, Object(Config\Cache), false)
 8 FCPATH\index.php(88): CodeIgniter\CodeIgniter->run()
 9 SYSTEMPATH\Commands\Server\rewrite.php(47): require_once('C:\\Users\\ip3\\Documents\\SAPIENCIA\\fidu\\public\\index.php')
CRITICAL - 2023-12-11 17:48:37 --> Invalid file: "maestros/movfiducia.php"
in SYSTEMPATH\Exceptions\FrameworkException.php on line 39.
 1 SYSTEMPATH\View\View.php(216): CodeIgniter\Exceptions\FrameworkException::forInvalidFile('maestros/movfiducia.php')
 2 SYSTEMPATH\Common.php(1190): CodeIgniter\View\View->render('maestros/movfiducia', [], true)
 3 APPPATH\Controllers\Movimientos.php(26): view('maestros/movfiducia', [])
 4 SYSTEMPATH\CodeIgniter.php(942): App\Controllers\Movimientos->movfiducia()
 5 SYSTEMPATH\CodeIgniter.php(502): CodeIgniter\CodeIgniter->runController(Object(App\Controllers\Movimientos))
 6 SYSTEMPATH\CodeIgniter.php(361): CodeIgniter\CodeIgniter->handleRequest(null, Object(Config\Cache), false)
 7 FCPATH\index.php(88): CodeIgniter\CodeIgniter->run()
 8 SYSTEMPATH\Commands\Server\rewrite.php(47): require_once('C:\\Users\\ip3\\Documents\\SAPIENCIA\\fidu\\public\\index.php')
ERROR - 2023-12-11 17:50:23 --> mysqli_sql_exception: Table 'sap_fiducias.mov_fiducia' doesn't exist in C:\Users\ip3\Documents\SAPIENCIA\fidu\system\Database\MySQLi\Connection.php:306
Stack trace:
#0 C:\Users\ip3\Documents\SAPIENCIA\fidu\system\Database\MySQLi\Connection.php(306): mysqli->query('SELECT *\nFROM `...', 0)
#1 C:\Users\ip3\Documents\SAPIENCIA\fidu\system\Database\BaseConnection.php(693): CodeIgniter\Database\MySQLi\Connection->execute('SELECT *\nFROM `...')
#2 C:\Users\ip3\Documents\SAPIENCIA\fidu\system\Database\BaseConnection.php(607): CodeIgniter\Database\BaseConnection->simpleQuery('SELECT *\nFROM `...')
#3 C:\Users\ip3\Documents\SAPIENCIA\fidu\system\Database\BaseBuilder.php(1615): CodeIgniter\Database\BaseConnection->query('SELECT *\nFROM `...', Array, false)
#4 C:\Users\ip3\Documents\SAPIENCIA\fidu\system\Model.php(237): CodeIgniter\Database\BaseBuilder->get()
#5 C:\Users\ip3\Documents\SAPIENCIA\fidu\system\BaseModel.php(624): CodeIgniter\Model->doFindAll(0, 0)
#6 C:\Users\ip3\Documents\SAPIENCIA\fidu\app\Controllers\Movimientos.php(13): CodeIgniter\BaseModel->findAll()
#7 C:\Users\ip3\Documents\SAPIENCIA\fidu\system\CodeIgniter.php(942): App\Controllers\Movimientos->listamovfiducia()
#8 C:\Users\ip3\Documents\SAPIENCIA\fidu\system\CodeIgniter.php(502): CodeIgniter\CodeIgniter->runController(Object(App\Controllers\Movimientos))
#9 C:\Users\ip3\Documents\SAPIENCIA\fidu\system\CodeIgniter.php(361): CodeIgniter\CodeIgniter->handleRequest(NULL, Object(Config\Cache), false)
#10 C:\Users\ip3\Documents\SAPIENCIA\fidu\public\index.php(88): CodeIgniter\CodeIgniter->run()
#11 C:\Users\ip3\Documents\SAPIENCIA\fidu\system\Commands\Server\rewrite.php(47): require_once('C:\\Users\\ip3\\Do...')
#12 {main}
CRITICAL - 2023-12-11 17:50:23 --> Table 'sap_fiducias.mov_fiducia' doesn't exist
in SYSTEMPATH\Database\BaseConnection.php on line 647.
 1 SYSTEMPATH\Database\BaseBuilder.php(1615): CodeIgniter\Database\BaseConnection->query('SELECT *
FROM `mov_fiducia`', [], false)
 2 SYSTEMPATH\Model.php(237): CodeIgniter\Database\BaseBuilder->get()
 3 SYSTEMPATH\BaseModel.php(624): CodeIgniter\Model->doFindAll(0, 0)
 4 APPPATH\Controllers\Movimientos.php(13): CodeIgniter\BaseModel->findAll()
 5 SYSTEMPATH\CodeIgniter.php(942): App\Controllers\Movimientos->listamovfiducia()
 6 SYSTEMPATH\CodeIgniter.php(502): CodeIgniter\CodeIgniter->runController(Object(App\Controllers\Movimientos))
 7 SYSTEMPATH\CodeIgniter.php(361): CodeIgniter\CodeIgniter->handleRequest(null, Object(Config\Cache), false)
 8 FCPATH\index.php(88): CodeIgniter\CodeIgniter->run()
 9 SYSTEMPATH\Commands\Server\rewrite.php(47): require_once('C:\\Users\\ip3\\Documents\\SAPIENCIA\\fidu\\public\\index.php')
CRITICAL - 2023-12-11 18:01:36 --> There is no data to insert.
in SYSTEMPATH\BaseModel.php on line 768.
 1 SYSTEMPATH\BaseModel.php(768): CodeIgniter\Database\Exceptions\DataException::forEmptyDataset('insert')
 2 SYSTEMPATH\Model.php(715): CodeIgniter\BaseModel->insert([], true)
 3 APPPATH\Controllers\Movimientos.php(48): CodeIgniter\Model->insert([...])
 4 SYSTEMPATH\CodeIgniter.php(942): App\Controllers\Movimientos->guardarMovFiducia()
 5 SYSTEMPATH\CodeIgniter.php(502): CodeIgniter\CodeIgniter->runController(Object(App\Controllers\Movimientos))
 6 SYSTEMPATH\CodeIgniter.php(361): CodeIgniter\CodeIgniter->handleRequest(null, Object(Config\Cache), false)
 7 FCPATH\index.php(88): CodeIgniter\CodeIgniter->run()
 8 SYSTEMPATH\Commands\Server\rewrite.php(47): require_once('C:\\Users\\ip3\\Documents\\SAPIENCIA\\fidu\\public\\index.php')
CRITICAL - 2023-12-11 18:02:00 --> There is no data to insert.
in SYSTEMPATH\BaseModel.php on line 768.
 1 SYSTEMPATH\BaseModel.php(768): CodeIgniter\Database\Exceptions\DataException::forEmptyDataset('insert')
 2 SYSTEMPATH\Model.php(715): CodeIgniter\BaseModel->insert([], true)
 3 APPPATH\Controllers\Movimientos.php(48): CodeIgniter\Model->insert([...])
 4 SYSTEMPATH\CodeIgniter.php(942): App\Controllers\Movimientos->guardarMovFiducia()
 5 SYSTEMPATH\CodeIgniter.php(502): CodeIgniter\CodeIgniter->runController(Object(App\Controllers\Movimientos))
 6 SYSTEMPATH\CodeIgniter.php(361): CodeIgniter\CodeIgniter->handleRequest(null, Object(Config\Cache), false)
 7 FCPATH\index.php(88): CodeIgniter\CodeIgniter->run()
 8 SYSTEMPATH\Commands\Server\rewrite.php(47): require_once('C:\\Users\\ip3\\Documents\\SAPIENCIA\\fidu\\public\\index.php')
CRITICAL - 2023-12-11 18:03:06 --> There is no data to insert.
in SYSTEMPATH\BaseModel.php on line 768.
 1 SYSTEMPATH\BaseModel.php(768): CodeIgniter\Database\Exceptions\DataException::forEmptyDataset('insert')
 2 SYSTEMPATH\Model.php(715): CodeIgniter\BaseModel->insert([], true)
 3 APPPATH\Controllers\Movimientos.php(44): CodeIgniter\Model->insert([...])
 4 SYSTEMPATH\CodeIgniter.php(942): App\Controllers\Movimientos->guardarMovFiducia()
 5 SYSTEMPATH\CodeIgniter.php(502): CodeIgniter\CodeIgniter->runController(Object(App\Controllers\Movimientos))
 6 SYSTEMPATH\CodeIgniter.php(361): CodeIgniter\CodeIgniter->handleRequest(null, Object(Config\Cache), false)
 7 FCPATH\index.php(88): CodeIgniter\CodeIgniter->run()
 8 SYSTEMPATH\Commands\Server\rewrite.php(47): require_once('C:\\Users\\ip3\\Documents\\SAPIENCIA\\fidu\\public\\index.php')
ERROR - 2023-12-11 18:04:41 --> mysqli_sql_exception: Column 'contrato_id' cannot be null in C:\Users\ip3\Documents\SAPIENCIA\fidu\system\Database\MySQLi\Connection.php:306
Stack trace:
#0 C:\Users\ip3\Documents\SAPIENCIA\fidu\system\Database\MySQLi\Connection.php(306): mysqli->query('INSERT INTO `en...', 0)
#1 C:\Users\ip3\Documents\SAPIENCIA\fidu\system\Database\BaseConnection.php(693): CodeIgniter\Database\MySQLi\Connection->execute('INSERT INTO `en...')
#2 C:\Users\ip3\Documents\SAPIENCIA\fidu\system\Database\BaseConnection.php(607): CodeIgniter\Database\BaseConnection->simpleQuery('INSERT INTO `en...')
#3 C:\Users\ip3\Documents\SAPIENCIA\fidu\system\Database\BaseBuilder.php(2308): CodeIgniter\Database\BaseConnection->query('INSERT INTO `en...', Array, false)
#4 C:\Users\ip3\Documents\SAPIENCIA\fidu\system\Model.php(319): CodeIgniter\Database\BaseBuilder->insert()
#5 C:\Users\ip3\Documents\SAPIENCIA\fidu\system\BaseModel.php(788): CodeIgniter\Model->doInsert(Array)
#6 C:\Users\ip3\Documents\SAPIENCIA\fidu\system\Model.php(715): CodeIgniter\BaseModel->insert(Array, true)
#7 C:\Users\ip3\Documents\SAPIENCIA\fidu\app\Controllers\Movimientos.php(44): CodeIgniter\Model->insert(Array)
#8 C:\Users\ip3\Documents\SAPIENCIA\fidu\system\CodeIgniter.php(942): App\Controllers\Movimientos->guardarMovFiducia()
#9 C:\Users\ip3\Documents\SAPIENCIA\fidu\system\CodeIgniter.php(502): CodeIgniter\CodeIgniter->runController(Object(App\Controllers\Movimientos))
#10 C:\Users\ip3\Documents\SAPIENCIA\fidu\system\CodeIgniter.php(361): CodeIgniter\CodeIgniter->handleRequest(NULL, Object(Config\Cache), false)
#11 C:\Users\ip3\Documents\SAPIENCIA\fidu\public\index.php(88): CodeIgniter\CodeIgniter->run()
#12 C:\Users\ip3\Documents\SAPIENCIA\fidu\system\Commands\Server\rewrite.php(47): require_once('C:\\Users\\ip3\\Do...')
#13 {main}
CRITICAL - 2023-12-11 18:04:41 --> Column 'contrato_id' cannot be null
in SYSTEMPATH\Database\BaseConnection.php on line 647.
 1 SYSTEMPATH\Database\BaseBuilder.php(2308): CodeIgniter\Database\BaseConnection->query('INSERT INTO `encmovfiducia` (`contrato_id`, `cuenta_id`, `programa_id`) VALUES (:contrato_id:, :cuenta_id:, :programa_id:)', [...], false)
 2 SYSTEMPATH\Model.php(319): CodeIgniter\Database\BaseBuilder->insert()
 3 SYSTEMPATH\BaseModel.php(788): CodeIgniter\Model->doInsert([...])
 4 SYSTEMPATH\Model.php(715): CodeIgniter\BaseModel->insert([...], true)
 5 APPPATH\Controllers\Movimientos.php(44): CodeIgniter\Model->insert([...])
 6 SYSTEMPATH\CodeIgniter.php(942): App\Controllers\Movimientos->guardarMovFiducia()
 7 SYSTEMPATH\CodeIgniter.php(502): CodeIgniter\CodeIgniter->runController(Object(App\Controllers\Movimientos))
 8 SYSTEMPATH\CodeIgniter.php(361): CodeIgniter\CodeIgniter->handleRequest(null, Object(Config\Cache), false)
 9 FCPATH\index.php(88): CodeIgniter\CodeIgniter->run()
10 SYSTEMPATH\Commands\Server\rewrite.php(47): require_once('C:\\Users\\ip3\\Documents\\SAPIENCIA\\fidu\\public\\index.php')
CRITICAL - 2023-12-11 18:05:46 --> Undefined array key "contrato"
in APPPATH\Views\movimientos\listamovfiducia.php on line 26.
 1 APPPATH\Views\movimientos\listamovfiducia.php(26): CodeIgniter\Debug\Exceptions->errorHandler(2, 'Undefined array key "contrato"', 'C:\\Users\\ip3\\Documents\\SAPIENCIA\\fidu\\app\\Views\\movimientos\\listamovfiducia.php', 26)
 2 SYSTEMPATH\View\View.php(228): include('C:\\Users\\ip3\\Documents\\SAPIENCIA\\fidu\\app\\Views\\movimientos\\listamovfiducia.php')
 3 SYSTEMPATH\View\View.php(231): CodeIgniter\View\View->CodeIgniter\View\{closure}()
 4 SYSTEMPATH\Common.php(1190): CodeIgniter\View\View->render('movimientos/listamovfiducia', [], true)
 5 APPPATH\Controllers\Movimientos.php(15): view('movimientos/listamovfiducia', [...])
 6 SYSTEMPATH\CodeIgniter.php(942): App\Controllers\Movimientos->listamovfiducia()
 7 SYSTEMPATH\CodeIgniter.php(502): CodeIgniter\CodeIgniter->runController(Object(App\Controllers\Movimientos))
 8 SYSTEMPATH\CodeIgniter.php(361): CodeIgniter\CodeIgniter->handleRequest(null, Object(Config\Cache), false)
 9 FCPATH\index.php(88): CodeIgniter\CodeIgniter->run()
10 SYSTEMPATH\Commands\Server\rewrite.php(47): require_once('C:\\Users\\ip3\\Documents\\SAPIENCIA\\fidu\\public\\index.php')
CRITICAL - 2023-12-11 18:57:08 --> Undefined variable $operadores
in APPPATH\Views\maestros\listaoperadores.php on line 22.
 1 APPPATH\Views\maestros\listaoperadores.php(22): CodeIgniter\Debug\Exceptions->errorHandler(2, 'Undefined variable $operadores', 'C:\\Users\\ip3\\Documents\\SAPIENCIA\\fidu\\app\\Views\\maestros\\listaoperadores.php', 22)
 2 SYSTEMPATH\View\View.php(228): include('C:\\Users\\ip3\\Documents\\SAPIENCIA\\fidu\\app\\Views\\maestros\\listaoperadores.php')
 3 SYSTEMPATH\View\View.php(231): CodeIgniter\View\View->CodeIgniter\View\{closure}()
 4 SYSTEMPATH\Common.php(1190): CodeIgniter\View\View->render('maestros/listaoperadores', [], true)
 5 APPPATH\Controllers\Maestros.php(152): view('maestros/listaoperadores', [...])
 6 SYSTEMPATH\CodeIgniter.php(942): App\Controllers\Maestros->listaoperadores()
 7 SYSTEMPATH\CodeIgniter.php(502): CodeIgniter\CodeIgniter->runController(Object(App\Controllers\Maestros))
 8 SYSTEMPATH\CodeIgniter.php(361): CodeIgniter\CodeIgniter->handleRequest(null, Object(Config\Cache), false)
 9 FCPATH\index.php(88): CodeIgniter\CodeIgniter->run()
10 SYSTEMPATH\Commands\Server\rewrite.php(47): require_once('C:\\Users\\ip3\\Documents\\SAPIENCIA\\fidu\\public\\index.php')
CRITICAL - 2023-12-11 18:57:49 --> Invalid file: "maestros/operadores.php"
in SYSTEMPATH\Exceptions\FrameworkException.php on line 39.
 1 SYSTEMPATH\View\View.php(216): CodeIgniter\Exceptions\FrameworkException::forInvalidFile('maestros/operadores.php')
 2 SYSTEMPATH\Common.php(1190): CodeIgniter\View\View->render('maestros/operadores', [], true)
 3 APPPATH\Controllers\Maestros.php(167): view('maestros/operadores', [])
 4 SYSTEMPATH\CodeIgniter.php(942): App\Controllers\Maestros->operadores()
 5 SYSTEMPATH\CodeIgniter.php(502): CodeIgniter\CodeIgniter->runController(Object(App\Controllers\Maestros))
 6 SYSTEMPATH\CodeIgniter.php(361): CodeIgniter\CodeIgniter->handleRequest(null, Object(Config\Cache), false)
 7 FCPATH\index.php(88): CodeIgniter\CodeIgniter->run()
 8 SYSTEMPATH\Commands\Server\rewrite.php(47): require_once('C:\\Users\\ip3\\Documents\\SAPIENCIA\\fidu\\public\\index.php')
ERROR - 2023-12-11 18:59:41 --> mysqli_sql_exception: Column 'nombre' cannot be null in C:\Users\ip3\Documents\SAPIENCIA\fidu\system\Database\MySQLi\Connection.php:306
Stack trace:
#0 C:\Users\ip3\Documents\SAPIENCIA\fidu\system\Database\MySQLi\Connection.php(306): mysqli->query('INSERT INTO `ti...', 0)
#1 C:\Users\ip3\Documents\SAPIENCIA\fidu\system\Database\BaseConnection.php(693): CodeIgniter\Database\MySQLi\Connection->execute('INSERT INTO `ti...')
#2 C:\Users\ip3\Documents\SAPIENCIA\fidu\system\Database\BaseConnection.php(607): CodeIgniter\Database\BaseConnection->simpleQuery('INSERT INTO `ti...')
#3 C:\Users\ip3\Documents\SAPIENCIA\fidu\system\Database\BaseBuilder.php(2308): CodeIgniter\Database\BaseConnection->query('INSERT INTO `ti...', Array, false)
#4 C:\Users\ip3\Documents\SAPIENCIA\fidu\system\Model.php(319): CodeIgniter\Database\BaseBuilder->insert()
#5 C:\Users\ip3\Documents\SAPIENCIA\fidu\system\BaseModel.php(788): CodeIgniter\Model->doInsert(Array)
#6 C:\Users\ip3\Documents\SAPIENCIA\fidu\system\Model.php(715): CodeIgniter\BaseModel->insert(Array, true)
#7 C:\Users\ip3\Documents\SAPIENCIA\fidu\app\Controllers\Maestros.php(189): CodeIgniter\Model->insert(Array)
#8 C:\Users\ip3\Documents\SAPIENCIA\fidu\system\CodeIgniter.php(942): App\Controllers\Maestros->guardarOperador()
#9 C:\Users\ip3\Documents\SAPIENCIA\fidu\system\CodeIgniter.php(502): CodeIgniter\CodeIgniter->runController(Object(App\Controllers\Maestros))
#10 C:\Users\ip3\Documents\SAPIENCIA\fidu\system\CodeIgniter.php(361): CodeIgniter\CodeIgniter->handleRequest(NULL, Object(Config\Cache), false)
#11 C:\Users\ip3\Documents\SAPIENCIA\fidu\public\index.php(88): CodeIgniter\CodeIgniter->run()
#12 C:\Users\ip3\Documents\SAPIENCIA\fidu\system\Commands\Server\rewrite.php(47): require_once('C:\\Users\\ip3\\Do...')
#13 {main}
CRITICAL - 2023-12-11 18:59:41 --> Column 'nombre' cannot be null
in SYSTEMPATH\Database\BaseConnection.php on line 647.
 1 SYSTEMPATH\Database\BaseBuilder.php(2308): CodeIgniter\Database\BaseConnection->query('INSERT INTO `tipo_operador_financiero` (`nombre`) VALUES (:nombre:)', [...], false)
 2 SYSTEMPATH\Model.php(319): CodeIgniter\Database\BaseBuilder->insert()
 3 SYSTEMPATH\BaseModel.php(788): CodeIgniter\Model->doInsert([...])
 4 SYSTEMPATH\Model.php(715): CodeIgniter\BaseModel->insert([...], true)
 5 APPPATH\Controllers\Maestros.php(189): CodeIgniter\Model->insert([...])
 6 SYSTEMPATH\CodeIgniter.php(942): App\Controllers\Maestros->guardarOperador()
 7 SYSTEMPATH\CodeIgniter.php(502): CodeIgniter\CodeIgniter->runController(Object(App\Controllers\Maestros))
 8 SYSTEMPATH\CodeIgniter.php(361): CodeIgniter\CodeIgniter->handleRequest(null, Object(Config\Cache), false)
 9 FCPATH\index.php(88): CodeIgniter\CodeIgniter->run()
10 SYSTEMPATH\Commands\Server\rewrite.php(47): require_once('C:\\Users\\ip3\\Documents\\SAPIENCIA\\fidu\\public\\index.php')
CRITICAL - 2023-12-11 19:16:41 --> Array to string conversion
in APPPATH\Views\maestros\contratos.php on line 40.
 1 APPPATH\Views\maestros\contratos.php(40): CodeIgniter\Debug\Exceptions->errorHandler(2, 'Array to string conversion', 'C:\\Users\\ip3\\Documents\\SAPIENCIA\\fidu\\app\\Views\\maestros\\contratos.php', 40)
 2 SYSTEMPATH\View\View.php(228): include('C:\\Users\\ip3\\Documents\\SAPIENCIA\\fidu\\app\\Views\\maestros\\contratos.php')
 3 SYSTEMPATH\View\View.php(231): CodeIgniter\View\View->CodeIgniter\View\{closure}()
 4 SYSTEMPATH\Common.php(1190): CodeIgniter\View\View->render('maestros/contratos', [], true)
 5 APPPATH\Controllers\Maestros.php(49): view('maestros/contratos', [...])
 6 SYSTEMPATH\CodeIgniter.php(942): App\Controllers\Maestros->contratos()
 7 SYSTEMPATH\CodeIgniter.php(502): CodeIgniter\CodeIgniter->runController(Object(App\Controllers\Maestros))
 8 SYSTEMPATH\CodeIgniter.php(361): CodeIgniter\CodeIgniter->handleRequest(null, Object(Config\Cache), false)
 9 FCPATH\index.php(88): CodeIgniter\CodeIgniter->run()
10 SYSTEMPATH\Commands\Server\rewrite.php(47): require_once('C:\\Users\\ip3\\Documents\\SAPIENCIA\\fidu\\public\\index.php')
CRITICAL - 2023-12-11 19:20:51 --> Array to string conversion
in APPPATH\Views\maestros\contratos.php on line 40.
 1 APPPATH\Views\maestros\contratos.php(40): CodeIgniter\Debug\Exceptions->errorHandler(2, 'Array to string conversion', 'C:\\Users\\ip3\\Documents\\SAPIENCIA\\fidu\\app\\Views\\maestros\\contratos.php', 40)
 2 SYSTEMPATH\View\View.php(228): include('C:\\Users\\ip3\\Documents\\SAPIENCIA\\fidu\\app\\Views\\maestros\\contratos.php')
 3 SYSTEMPATH\View\View.php(231): CodeIgniter\View\View->CodeIgniter\View\{closure}()
 4 SYSTEMPATH\Common.php(1190): CodeIgniter\View\View->render('maestros/contratos', [], true)
 5 APPPATH\Controllers\Maestros.php(49): view('maestros/contratos', [...])
 6 SYSTEMPATH\CodeIgniter.php(942): App\Controllers\Maestros->contratos()
 7 SYSTEMPATH\CodeIgniter.php(502): CodeIgniter\CodeIgniter->runController(Object(App\Controllers\Maestros))
 8 SYSTEMPATH\CodeIgniter.php(361): CodeIgniter\CodeIgniter->handleRequest(null, Object(Config\Cache), false)
 9 FCPATH\index.php(88): CodeIgniter\CodeIgniter->run()
10 SYSTEMPATH\Commands\Server\rewrite.php(47): require_once('C:\\Users\\ip3\\Documents\\SAPIENCIA\\fidu\\public\\index.php')
CRITICAL - 2023-12-11 19:20:54 --> Array to string conversion
in APPPATH\Views\maestros\contratos.php on line 40.
 1 APPPATH\Views\maestros\contratos.php(40): CodeIgniter\Debug\Exceptions->errorHandler(2, 'Array to string conversion', 'C:\\Users\\ip3\\Documents\\SAPIENCIA\\fidu\\app\\Views\\maestros\\contratos.php', 40)
 2 SYSTEMPATH\View\View.php(228): include('C:\\Users\\ip3\\Documents\\SAPIENCIA\\fidu\\app\\Views\\maestros\\contratos.php')
 3 SYSTEMPATH\View\View.php(231): CodeIgniter\View\View->CodeIgniter\View\{closure}()
 4 SYSTEMPATH\Common.php(1190): CodeIgniter\View\View->render('maestros/contratos', [], true)
 5 APPPATH\Controllers\Maestros.php(49): view('maestros/contratos', [...])
 6 SYSTEMPATH\CodeIgniter.php(942): App\Controllers\Maestros->contratos()
 7 SYSTEMPATH\CodeIgniter.php(502): CodeIgniter\CodeIgniter->runController(Object(App\Controllers\Maestros))
 8 SYSTEMPATH\CodeIgniter.php(361): CodeIgniter\CodeIgniter->handleRequest(null, Object(Config\Cache), false)
 9 FCPATH\index.php(88): CodeIgniter\CodeIgniter->run()
10 SYSTEMPATH\Commands\Server\rewrite.php(47): require_once('C:\\Users\\ip3\\Documents\\SAPIENCIA\\fidu\\public\\index.php')
CRITICAL - 2023-12-11 19:34:39 --> Undefined array key "numero_contrato"
in APPPATH\Views\maestros\cuentas.php on line 29.
 1 APPPATH\Views\maestros\cuentas.php(29): CodeIgniter\Debug\Exceptions->errorHandler(2, 'Undefined array key "numero_contrato"', 'C:\\Users\\ip3\\Documents\\SAPIENCIA\\fidu\\app\\Views\\maestros\\cuentas.php', 29)
 2 SYSTEMPATH\View\View.php(228): include('C:\\Users\\ip3\\Documents\\SAPIENCIA\\fidu\\app\\Views\\maestros\\cuentas.php')
 3 SYSTEMPATH\View\View.php(231): CodeIgniter\View\View->CodeIgniter\View\{closure}()
 4 SYSTEMPATH\Common.php(1190): CodeIgniter\View\View->render('maestros/cuentas', [], true)
 5 APPPATH\Controllers\Maestros.php(133): view('maestros/cuentas', [...])
 6 SYSTEMPATH\CodeIgniter.php(942): App\Controllers\Maestros->cuentas()
 7 SYSTEMPATH\CodeIgniter.php(502): CodeIgniter\CodeIgniter->runController(Object(App\Controllers\Maestros))
 8 SYSTEMPATH\CodeIgniter.php(361): CodeIgniter\CodeIgniter->handleRequest(null, Object(Config\Cache), false)
 9 FCPATH\index.php(88): CodeIgniter\CodeIgniter->run()
10 SYSTEMPATH\Commands\Server\rewrite.php(47): require_once('C:\\Users\\ip3\\Documents\\SAPIENCIA\\fidu\\public\\index.php')
